Build started 10/19/2012 2:37:51 PM.
     1>Project "C:\Users\Tim\Documents\School\Numerical\hyperbolic.c\hyperbolic.c.vcxproj" on node 2 (build target(s)).
     1>InitializeBuildStatus:
         Creating "Debug\hyperbolic.c.unsuccessfulbuild" because "AlwaysCreate" was specified.
       ClCompile:
         C:\Program Files (x86)\Microsoft Visual Studio 10.0\VC\bin\CL.exe /c /ZI /nologo /W3 /WX- /Od /Oy- /D WIN32 /D _DEBUG /D _CONSOLE /Gm /EHsc /RTC1 /MDd /GS /fp:precise /Za /Zc:wchar_t /Zc:forScope /Fo"Debug\\" /Fd"Debug\vc100.pdb" /Gd /TC /analyze- /errorReport:prompt hyperbolic.c
         hyperbolic.c
     1>c:\users\tim\documents\school\numerical\hyperbolic.c\hyperbolic.c(33): warning C4996: 'scanf': This function or variable may be unsafe. Consider using scanf_s instead. To disable deprecation, use _CRT_SECURE_NO_WARNINGS. See online help for details.
                 c:\program files (x86)\microsoft visual studio 10.0\vc\include\stdio.h(304) : see declaration of 'scanf'
     1>c:\users\tim\documents\school\numerical\hyperbolic.c\hyperbolic.c(96): warning C4996: 'scanf': This function or variable may be unsafe. Consider using scanf_s instead. To disable deprecation, use _CRT_SECURE_NO_WARNINGS. See online help for details.
                 c:\program files (x86)\microsoft visual studio 10.0\vc\include\stdio.h(304) : see declaration of 'scanf'
     1>c:\users\tim\documents\school\numerical\hyperbolic.c\hyperbolic.c(99): warning C4996: 'scanf': This function or variable may be unsafe. Consider using scanf_s instead. To disable deprecation, use _CRT_SECURE_NO_WARNINGS. See online help for details.
                 c:\program files (x86)\microsoft visual studio 10.0\vc\include\stdio.h(304) : see declaration of 'scanf'
     1>c:\users\tim\documents\school\numerical\hyperbolic.c\hyperbolic.c(652): warning C4996: 'scanf': This function or variable may be unsafe. Consider using scanf_s instead. To disable deprecation, use _CRT_SECURE_NO_WARNINGS. See online help for details.
                 c:\program files (x86)\microsoft visual studio 10.0\vc\include\stdio.h(304) : see declaration of 'scanf'
     1>c:\users\tim\documents\school\numerical\hyperbolic.c\hyperbolic.c(655): warning C4996: 'scanf': This function or variable may be unsafe. Consider using scanf_s instead. To disable deprecation, use _CRT_SECURE_NO_WARNINGS. See online help for details.
                 c:\program files (x86)\microsoft visual studio 10.0\vc\include\stdio.h(304) : see declaration of 'scanf'
       ManifestResourceCompile:
         All outputs are up-to-date.
       Link:
         C:\Program Files (x86)\Microsoft Visual Studio 10.0\VC\bin\link.exe /ERRORREPORT:PROMPT /OUT:"C:\Users\Tim\Documents\School\Numerical\hyperbolic.c\Debug\hyperbolic.c.exe" /INCREMENTAL /NOLOGO kernel32.lib user32.lib gdi32.lib winspool.lib comdlg32.lib advapi32.lib shell32.lib ole32.lib oleaut32.lib uuid.lib odbc32.lib odbccp32.lib /MANIFEST /ManifestFile:"Debug\hyperbolic.c.exe.intermediate.manifest" /MANIFESTUAC:"level='asInvoker' uiAccess='false'" /DEBUG /PDB:"C:\Users\Tim\Documents\School\Numerical\hyperbolic.c\Debug\hyperbolic.c.pdb" /SUBSYSTEM:CONSOLE /TLBID:1 /DYNAMICBASE /NXCOMPAT /IMPLIB:"C:\Users\Tim\Documents\School\Numerical\hyperbolic.c\Debug\hyperbolic.c.lib" /MACHINE:X86 Debug\hyperbolic.c.exe.embed.manifest.res
         Debug\hyperbolic.obj
       Manifest:
         C:\Program Files (x86)\Microsoft SDKs\Windows\v7.0A\bin\mt.exe /nologo /verbose /out:"Debug\hyperbolic.c.exe.embed.manifest" /manifest Debug\hyperbolic.c.exe.intermediate.manifest
         All outputs are up-to-date.
       LinkEmbedManifest:
         All outputs are up-to-date.
         hyperbolic.c.vcxproj -> C:\Users\Tim\Documents\School\Numerical\hyperbolic.c\Debug\hyperbolic.c.exe
       FinalizeBuildStatus:
         Deleting file "Debug\hyperbolic.c.unsuccessfulbuild".
         Touching "Debug\hyperbolic.c.lastbuildstate".
     1>Done Building Project "C:\Users\Tim\Documents\School\Numerical\hyperbolic.c\hyperbolic.c.vcxproj" (build target(s)).

Build succeeded.

Time Elapsed 00:00:00.31
